<?xml version="1.0" encoding="UTF-8"?>
<testsuite name="Model.CasaInteligente_ESTest" time="0.216" tests="110" errors="0" skipped="0" failures="0">
  <properties>
    <property name="idea.version" value="2022.3.2"/>
    <property name="java.runtime.name" value="OpenJDK Runtime Environment"/>
    <property name="sun.boot.library.path" value="C:\Users\tomas\.jdks\corretto-1.8.0_362\jre\bin"/>
    <property name="java.vm.version" value="25.362-b08"/>
    <property name="java.vm.vendor" value="Amazon.com Inc."/>
    <property name="maven.multiModuleProjectDirectory" value="D:\Github\ATS22-23"/>
    <property name="java.vendor.url" value="https://aws.amazon.com/corretto/"/>
    <property name="path.separator" value=";"/>
    <property name="guice.disable.misplaced.annotation.check" value="true"/>
    <property name="java.vm.name" value="OpenJDK 64-Bit Server VM"/>
    <property name="file.encoding.pkg" value="sun.io"/>
    <property name="user.script" value=""/>
    <property name="user.country" value="GB"/>
    <property name="sun.java.launcher" value="SUN_STANDARD"/>
    <property name="sun.os.patch.level" value=""/>
    <property name="java.vm.specification.name" value="Java Virtual Machine Specification"/>
    <property name="user.dir" value="D:\Github\ATS22-23"/>
    <property name="java.runtime.version" value="1.8.0_362-b08"/>
    <property name="java.awt.graphicsenv" value="sun.awt.Win32GraphicsEnvironment"/>
    <property name="java.endorsed.dirs" value="C:\Users\tomas\.jdks\corretto-1.8.0_362\jre\lib\endorsed"/>
    <property name="os.arch" value="amd64"/>
    <property name="java.io.tmpdir" value="C:\Users\tomas\AppData\Local\Temp\"/>
    <property name="line.separator" value="&#10;"/>
    <property name="java.vm.specification.vendor" value="Oracle Corporation"/>
    <property name="user.variant" value=""/>
    <property name="os.name" value="Windows 10"/>
    <property name="maven.ext.class.path" value="D:\JetBrains\IntelliJ IDEA 2022.3.2\plugins\maven\lib\maven-event-listener.jar"/>
    <property name="classworlds.conf" value="D:\JetBrains\IntelliJ IDEA 2022.3.2\plugins\maven\lib\maven3\bin\m2.conf"/>
    <property name="sun.jnu.encoding" value="Cp1252"/>
    <property name="java.library.path" value="C:\Users\tomas\.jdks\corretto-1.8.0_362\bin;C:\WINDOWS\Sun\Java\bin;C:\WINDOWS\system32;C:\WINDOWS;C:\Program Files\Common Files\Oracle\Java\javapath;C:\Program Files (x86)\Common Files\Oracle\Java\javapath;D:\Python311\Scripts\;D:\Python311\;C:\Program Files\Microsoft\jdk-11.0.12.7-hotspot\bin;C:\Program Files (x86)\Intel\iCLS Client\;C:\Program Files\Intel\iCLS Client\;C:\Windows\system32;C:\Windows;C:\Windows\System32\Wbem;C:\Windows\System32\WindowsPowerShell\v1.0\;C:\Program Files (x86)\Intel\Intel(R) Management Engine Components\DAL;C:\Program Files\Intel\Intel(R) Management Engine Components\DAL;C:\Program Files (x86)\Intel\Intel(R) Management Engine Components\IPT;C:\Program Files\Intel\Intel(R) Management Engine Components\IPT;C:\Program Files\Intel\WiFi\bin\;C:\Program Files\Common Files\Intel\WirelessCommon\;C:\WINDOWS\system32;C:\WINDOWS;C:\WINDOWS\System32\Wbem;C:\WINDOWS\System32\WindowsPowerShell\v1.0\;C:\WINDOWS\System32\OpenSSH\;C:\Program Files\Microsoft SQL Server\Client SDK\ODBC\170\Tools\Binn\;C:\Program Files\dotnet\;D:\CMake\bin;D:\Git\cmd;C:\Program Files\Maven\apache-maven-3.9.1\bin;C:\Users\tomas\AppData\Roaming\local\bin;C:\Users\tomas\AppData\Local\Microsoft\WindowsApps;C:\Users\tomas\.dotnet\tools;C:\Users\tomas\AppData\Local\GitHubDesktop\bin;D:\Microsoft VS Code\bin;."/>
    <property name="jansi.passthrough" value="true"/>
    <property name="maven.conf" value="D:\JetBrains\IntelliJ IDEA 2022.3.2\plugins\maven\lib\maven3/conf"/>
    <property name="java.specification.name" value="Java Platform API Specification"/>
    <property name="java.class.version" value="52.0"/>
    <property name="sun.management.compiler" value="HotSpot 64-Bit Tiered Compilers"/>
    <property name="os.version" value="10.0"/>
    <property name="user.home" value="C:\Users\tomas"/>
    <property name="user.timezone" value="Europe/London"/>
    <property name="java.awt.printerjob" value="sun.awt.windows.WPrinterJob"/>
    <property name="java.specification.version" value="1.8"/>
    <property name="file.encoding" value="UTF-8"/>
    <property name="user.name" value="tomas"/>
    <property name="java.class.path" value="D:\JetBrains\IntelliJ IDEA 2022.3.2\plugins\maven\lib\maven3\boot\plexus-classworlds-2.6.0.jar;D:\JetBrains\IntelliJ IDEA 2022.3.2\plugins\maven\lib\maven3\boot\plexus-classworlds.license;D:\JetBrains\IntelliJ IDEA 2022.3.2\lib\idea_rt.jar"/>
    <property name="java.vm.specification.version" value="1.8"/>
    <property name="sun.arch.data.model" value="64"/>
    <property name="java.home" value="C:\Users\tomas\.jdks\corretto-1.8.0_362\jre"/>
    <property name="sun.java.command" value="org.codehaus.classworlds.Launcher -Didea.version=2022.3.2 clean test"/>
    <property name="java.specification.vendor" value="Oracle Corporation"/>
    <property name="user.language" value="en"/>
    <property name="awt.toolkit" value="sun.awt.windows.WToolkit"/>
    <property name="java.vm.info" value="mixed mode"/>
    <property name="java.version" value="1.8.0_362"/>
    <property name="java.ext.dirs" value="C:\Users\tomas\.jdks\corretto-1.8.0_362\jre\lib\ext;C:\WINDOWS\Sun\Java\lib\ext"/>
    <property name="sun.boot.class.path" value="C:\Users\tomas\.jdks\corretto-1.8.0_362\jre\lib\resources.jar;C:\Users\tomas\.jdks\corretto-1.8.0_362\jre\lib\rt.jar;C:\Users\tomas\.jdks\corretto-1.8.0_362\jre\lib\sunrsasign.jar;C:\Users\tomas\.jdks\corretto-1.8.0_362\jre\lib\jsse.jar;C:\Users\tomas\.jdks\corretto-1.8.0_362\jre\lib\jce.jar;C:\Users\tomas\.jdks\corretto-1.8.0_362\jre\lib\charsets.jar;C:\Users\tomas\.jdks\corretto-1.8.0_362\jre\lib\jfr.jar;C:\Users\tomas\.jdks\corretto-1.8.0_362\jre\classes"/>
    <property name="java.vendor" value="Amazon.com Inc."/>
    <property name="java.specification.maintenance.version" value="4"/>
    <property name="maven.home" value="D:\JetBrains\IntelliJ IDEA 2022.3.2\plugins\maven\lib\maven3"/>
    <property name="file.separator" value="\"/>
    <property name="java.vendor.url.bug" value="https://github.com/corretto/corretto-8/issues/"/>
    <property name="sun.cpu.endian" value="little"/>
    <property name="sun.io.unicode.encoding" value="UnicodeLittle"/>
    <property name="sun.desktop" value="windows"/>
    <property name="sun.cpu.isalist" value="amd64"/>
  </properties>
  <testcase name="test059" classname="Model.CasaInteligente_ESTest" time="0.006"/>
  <testcase name="test058" classname="Model.CasaInteligente_ESTest" time="0.006"/>
  <testcase name="test057" classname="Model.CasaInteligente_ESTest" time="0.005"/>
  <testcase name="test067" classname="Model.CasaInteligente_ESTest" time="0.004"/>
  <testcase name="test100" classname="Model.CasaInteligente_ESTest" time="0.008"/>
  <testcase name="test066" classname="Model.CasaInteligente_ESTest" time="0.004"/>
  <testcase name="test065" classname="Model.CasaInteligente_ESTest" time="0.004"/>
  <testcase name="test064" classname="Model.CasaInteligente_ESTest" time="0.002"/>
  <testcase name="test063" classname="Model.CasaInteligente_ESTest" time="0.002"/>
  <testcase name="test062" classname="Model.CasaInteligente_ESTest" time="0.002"/>
  <testcase name="test061" classname="Model.CasaInteligente_ESTest" time="0.007"/>
  <testcase name="test060" classname="Model.CasaInteligente_ESTest" time="0.005"/>
  <testcase name="test108" classname="Model.CasaInteligente_ESTest" time="0.002"/>
  <testcase name="test107" classname="Model.CasaInteligente_ESTest" time="0.003"/>
  <testcase name="test106" classname="Model.CasaInteligente_ESTest" time="0.004"/>
  <testcase name="test105" classname="Model.CasaInteligente_ESTest" time="0.009"/>
  <testcase name="test104" classname="Model.CasaInteligente_ESTest" time="0.002"/>
  <testcase name="test103" classname="Model.CasaInteligente_ESTest" time="0.003"/>
  <testcase name="test069" classname="Model.CasaInteligente_ESTest" time="0.003"/>
  <testcase name="test102" classname="Model.CasaInteligente_ESTest" time="0.002"/>
  <testcase name="test068" classname="Model.CasaInteligente_ESTest" time="0.003"/>
  <testcase name="test101" classname="Model.CasaInteligente_ESTest" time="0.003"/>
  <testcase name="test109" classname="Model.CasaInteligente_ESTest" time="0.004"/>
  <testcase name="test070" classname="Model.CasaInteligente_ESTest" time="0.001"/>
  <testcase name="test078" classname="Model.CasaInteligente_ESTest" time="0.003"/>
  <testcase name="test077" classname="Model.CasaInteligente_ESTest" time="0.003"/>
  <testcase name="test110" classname="Model.CasaInteligente_ESTest" time="0.002"/>
  <testcase name="test076" classname="Model.CasaInteligente_ESTest" time="0.003"/>
  <testcase name="test075" classname="Model.CasaInteligente_ESTest" time="0.002"/>
  <testcase name="test074" classname="Model.CasaInteligente_ESTest" time="0.003"/>
  <testcase name="test073" classname="Model.CasaInteligente_ESTest" time="0.002"/>
  <testcase name="test072" classname="Model.CasaInteligente_ESTest" time="0.002"/>
  <testcase name="test071" classname="Model.CasaInteligente_ESTest" time="0.002"/>
  <testcase name="test079" classname="Model.CasaInteligente_ESTest" time="0.001"/>
  <testcase name="test081" classname="Model.CasaInteligente_ESTest" time="0.002"/>
  <testcase name="test080" classname="Model.CasaInteligente_ESTest" time="0.001"/>
  <testcase name="test001" classname="Model.CasaInteligente_ESTest" time="0.003"/>
  <testcase name="test089" classname="Model.CasaInteligente_ESTest" time="0.001"/>
  <testcase name="test000" classname="Model.CasaInteligente_ESTest" time="0.001"/>
  <testcase name="test088" classname="Model.CasaInteligente_ESTest" time="0.002"/>
  <testcase name="test087" classname="Model.CasaInteligente_ESTest" time="0.001"/>
  <testcase name="test086" classname="Model.CasaInteligente_ESTest" time="0.002"/>
  <testcase name="test085" classname="Model.CasaInteligente_ESTest" time="0.002"/>
  <testcase name="test084" classname="Model.CasaInteligente_ESTest" time="0.002"/>
  <testcase name="test083" classname="Model.CasaInteligente_ESTest" time="0.001"/>
  <testcase name="test082" classname="Model.CasaInteligente_ESTest" time="0.002"/>
  <testcase name="test009" classname="Model.CasaInteligente_ESTest" time="0.001"/>
  <testcase name="test008" classname="Model.CasaInteligente_ESTest" time="0.001"/>
  <testcase name="test007" classname="Model.CasaInteligente_ESTest" time="0.001"/>
  <testcase name="test006" classname="Model.CasaInteligente_ESTest" time="0.002"/>
  <testcase name="test005" classname="Model.CasaInteligente_ESTest" time="0.001"/>
  <testcase name="test004" classname="Model.CasaInteligente_ESTest" time="0.002"/>
  <testcase name="test003" classname="Model.CasaInteligente_ESTest" time="0.001"/>
  <testcase name="test002" classname="Model.CasaInteligente_ESTest" time="0.002"/>
  <testcase name="test092" classname="Model.CasaInteligente_ESTest" time="0.004"/>
  <testcase name="test091" classname="Model.CasaInteligente_ESTest" time="0.002"/>
  <testcase name="test090" classname="Model.CasaInteligente_ESTest" time="0.001"/>
  <testcase name="test012" classname="Model.CasaInteligente_ESTest" time="0.001"/>
  <testcase name="test011" classname="Model.CasaInteligente_ESTest" time="0.002"/>
  <testcase name="test099" classname="Model.CasaInteligente_ESTest" time="0.002"/>
  <testcase name="test010" classname="Model.CasaInteligente_ESTest" time="0.001"/>
  <testcase name="test098" classname="Model.CasaInteligente_ESTest" time="0.001"/>
  <testcase name="test097" classname="Model.CasaInteligente_ESTest" time="0.002"/>
  <testcase name="test096" classname="Model.CasaInteligente_ESTest" time="0.001"/>
  <testcase name="test095" classname="Model.CasaInteligente_ESTest" time="0.002"/>
  <testcase name="test094" classname="Model.CasaInteligente_ESTest" time="0.003"/>
  <testcase name="test093" classname="Model.CasaInteligente_ESTest" time="0.002"/>
  <testcase name="test019" classname="Model.CasaInteligente_ESTest" time="0.001"/>
  <testcase name="test018" classname="Model.CasaInteligente_ESTest" time="0.001"/>
  <testcase name="test017" classname="Model.CasaInteligente_ESTest" time="0.001"/>
  <testcase name="test016" classname="Model.CasaInteligente_ESTest" time="0.002"/>
  <testcase name="test015" classname="Model.CasaInteligente_ESTest" time="0.001"/>
  <testcase name="test014" classname="Model.CasaInteligente_ESTest" time="0.001"/>
  <testcase name="test013" classname="Model.CasaInteligente_ESTest" time="0.001"/>
  <testcase name="test023" classname="Model.CasaInteligente_ESTest" time="0.001"/>
  <testcase name="test022" classname="Model.CasaInteligente_ESTest" time="0.001"/>
  <testcase name="test021" classname="Model.CasaInteligente_ESTest" time="0.001"/>
  <testcase name="test020" classname="Model.CasaInteligente_ESTest" time="0.001"/>
  <testcase name="test029" classname="Model.CasaInteligente_ESTest" time="0.001"/>
  <testcase name="test028" classname="Model.CasaInteligente_ESTest" time="0.001"/>
  <testcase name="test027" classname="Model.CasaInteligente_ESTest" time="0.001"/>
  <testcase name="test026" classname="Model.CasaInteligente_ESTest" time="0.001"/>
  <testcase name="test025" classname="Model.CasaInteligente_ESTest" time="0.001"/>
  <testcase name="test024" classname="Model.CasaInteligente_ESTest" time="0"/>
  <testcase name="test034" classname="Model.CasaInteligente_ESTest" time="0.001"/>
  <testcase name="test032" classname="Model.CasaInteligente_ESTest" time="0.001"/>
  <testcase name="test031" classname="Model.CasaInteligente_ESTest" time="0.002"/>
  <testcase name="test030" classname="Model.CasaInteligente_ESTest" time="0"/>
  <testcase name="test039" classname="Model.CasaInteligente_ESTest" time="0.002"/>
  <testcase name="test038" classname="Model.CasaInteligente_ESTest" time="0.001"/>
  <testcase name="test037" classname="Model.CasaInteligente_ESTest" time="0.001"/>
  <testcase name="test036" classname="Model.CasaInteligente_ESTest" time="0.001"/>
  <testcase name="test035" classname="Model.CasaInteligente_ESTest" time="0.001"/>
  <testcase name="test045" classname="Model.CasaInteligente_ESTest" time="0.001"/>
  <testcase name="test044" classname="Model.CasaInteligente_ESTest" time="0.001"/>
  <testcase name="test043" classname="Model.CasaInteligente_ESTest" time="0.001"/>
  <testcase name="test042" classname="Model.CasaInteligente_ESTest" time="0.001"/>
  <testcase name="test041" classname="Model.CasaInteligente_ESTest" time="0.001"/>
  <testcase name="test040" classname="Model.CasaInteligente_ESTest" time="0.001"/>
  <testcase name="test049" classname="Model.CasaInteligente_ESTest" time="0.001"/>
  <testcase name="test048" classname="Model.CasaInteligente_ESTest" time="0.001"/>
  <testcase name="test047" classname="Model.CasaInteligente_ESTest" time="0.001"/>
  <testcase name="test046" classname="Model.CasaInteligente_ESTest" time="0.001"/>
  <testcase name="test056" classname="Model.CasaInteligente_ESTest" time="0.001"/>
  <testcase name="test055" classname="Model.CasaInteligente_ESTest" time="0.001"/>
  <testcase name="test054" classname="Model.CasaInteligente_ESTest" time="0.001"/>
  <testcase name="test053" classname="Model.CasaInteligente_ESTest" time="0.001"/>
  <testcase name="test052" classname="Model.CasaInteligente_ESTest" time="0.001"/>
  <testcase name="test051" classname="Model.CasaInteligente_ESTest" time="0.001"/>
  <testcase name="test050" classname="Model.CasaInteligente_ESTest" time="0.001"/>
</testsuite>