<?xml version="1.0" encoding="UTF-8"?>
<testsuite name="Model.SmartHouses_ESTest" time="0.274" tests="91" errors="0" skipped="0" failures="0">
  <properties>
    <property name="idea.version" value="2022.3.2"/>
    <property name="java.runtime.name" value="OpenJDK Runtime Environment"/>
    <property name="sun.boot.library.path" value="C:\Users\tomas\.jdks\corretto-1.8.0_362\jre\bin"/>
    <property name="java.vm.version" value="25.362-b08"/>
    <property name="java.vm.vendor" value="Amazon.com Inc."/>
    <property name="maven.multiModuleProjectDirectory" value="D:\Github\ATS22-23"/>
    <property name="java.vendor.url" value="https://aws.amazon.com/corretto/"/>
    <property name="path.separator" value=";"/>
    <property name="guice.disable.misplaced.annotation.check" value="true"/>
    <property name="java.vm.name" value="OpenJDK 64-Bit Server VM"/>
    <property name="file.encoding.pkg" value="sun.io"/>
    <property name="user.script" value=""/>
    <property name="user.country" value="GB"/>
    <property name="sun.java.launcher" value="SUN_STANDARD"/>
    <property name="sun.os.patch.level" value=""/>
    <property name="java.vm.specification.name" value="Java Virtual Machine Specification"/>
    <property name="user.dir" value="D:\Github\ATS22-23"/>
    <property name="java.runtime.version" value="1.8.0_362-b08"/>
    <property name="java.awt.graphicsenv" value="sun.awt.Win32GraphicsEnvironment"/>
    <property name="java.endorsed.dirs" value="C:\Users\tomas\.jdks\corretto-1.8.0_362\jre\lib\endorsed"/>
    <property name="os.arch" value="amd64"/>
    <property name="java.io.tmpdir" value="C:\Users\tomas\AppData\Local\Temp\"/>
    <property name="line.separator" value="&#10;"/>
    <property name="java.vm.specification.vendor" value="Oracle Corporation"/>
    <property name="user.variant" value=""/>
    <property name="os.name" value="Windows 10"/>
    <property name="maven.ext.class.path" value="D:\JetBrains\IntelliJ IDEA 2022.3.2\plugins\maven\lib\maven-event-listener.jar"/>
    <property name="classworlds.conf" value="D:\JetBrains\IntelliJ IDEA 2022.3.2\plugins\maven\lib\maven3\bin\m2.conf"/>
    <property name="sun.jnu.encoding" value="Cp1252"/>
    <property name="java.library.path" value="C:\Users\tomas\.jdks\corretto-1.8.0_362\bin;C:\WINDOWS\Sun\Java\bin;C:\WINDOWS\system32;C:\WINDOWS;C:\Program Files\Common Files\Oracle\Java\javapath;C:\Program Files (x86)\Common Files\Oracle\Java\javapath;D:\Python311\Scripts\;D:\Python311\;C:\Program Files\Microsoft\jdk-11.0.12.7-hotspot\bin;C:\Program Files (x86)\Intel\iCLS Client\;C:\Program Files\Intel\iCLS Client\;C:\Windows\system32;C:\Windows;C:\Windows\System32\Wbem;C:\Windows\System32\WindowsPowerShell\v1.0\;C:\Program Files (x86)\Intel\Intel(R) Management Engine Components\DAL;C:\Program Files\Intel\Intel(R) Management Engine Components\DAL;C:\Program Files (x86)\Intel\Intel(R) Management Engine Components\IPT;C:\Program Files\Intel\Intel(R) Management Engine Components\IPT;C:\Program Files\Intel\WiFi\bin\;C:\Program Files\Common Files\Intel\WirelessCommon\;C:\WINDOWS\system32;C:\WINDOWS;C:\WINDOWS\System32\Wbem;C:\WINDOWS\System32\WindowsPowerShell\v1.0\;C:\WINDOWS\System32\OpenSSH\;C:\Program Files\Microsoft SQL Server\Client SDK\ODBC\170\Tools\Binn\;C:\Program Files\dotnet\;D:\CMake\bin;D:\Git\cmd;C:\Program Files\Maven\apache-maven-3.9.1\bin;C:\Users\tomas\AppData\Roaming\local\bin;C:\Users\tomas\AppData\Local\Microsoft\WindowsApps;C:\Users\tomas\.dotnet\tools;C:\Users\tomas\AppData\Local\GitHubDesktop\bin;D:\Microsoft VS Code\bin;."/>
    <property name="jansi.passthrough" value="true"/>
    <property name="maven.conf" value="D:\JetBrains\IntelliJ IDEA 2022.3.2\plugins\maven\lib\maven3/conf"/>
    <property name="java.specification.name" value="Java Platform API Specification"/>
    <property name="java.class.version" value="52.0"/>
    <property name="sun.management.compiler" value="HotSpot 64-Bit Tiered Compilers"/>
    <property name="os.version" value="10.0"/>
    <property name="user.home" value="C:\Users\tomas"/>
    <property name="user.timezone" value="Europe/London"/>
    <property name="java.awt.printerjob" value="sun.awt.windows.WPrinterJob"/>
    <property name="java.specification.version" value="1.8"/>
    <property name="file.encoding" value="UTF-8"/>
    <property name="user.name" value="tomas"/>
    <property name="java.class.path" value="D:\JetBrains\IntelliJ IDEA 2022.3.2\plugins\maven\lib\maven3\boot\plexus-classworlds-2.6.0.jar;D:\JetBrains\IntelliJ IDEA 2022.3.2\plugins\maven\lib\maven3\boot\plexus-classworlds.license;D:\JetBrains\IntelliJ IDEA 2022.3.2\lib\idea_rt.jar"/>
    <property name="java.vm.specification.version" value="1.8"/>
    <property name="sun.arch.data.model" value="64"/>
    <property name="java.home" value="C:\Users\tomas\.jdks\corretto-1.8.0_362\jre"/>
    <property name="sun.java.command" value="org.codehaus.classworlds.Launcher -Didea.version=2022.3.2 clean test"/>
    <property name="java.specification.vendor" value="Oracle Corporation"/>
    <property name="user.language" value="en"/>
    <property name="awt.toolkit" value="sun.awt.windows.WToolkit"/>
    <property name="java.vm.info" value="mixed mode"/>
    <property name="java.version" value="1.8.0_362"/>
    <property name="java.ext.dirs" value="C:\Users\tomas\.jdks\corretto-1.8.0_362\jre\lib\ext;C:\WINDOWS\Sun\Java\lib\ext"/>
    <property name="sun.boot.class.path" value="C:\Users\tomas\.jdks\corretto-1.8.0_362\jre\lib\resources.jar;C:\Users\tomas\.jdks\corretto-1.8.0_362\jre\lib\rt.jar;C:\Users\tomas\.jdks\corretto-1.8.0_362\jre\lib\sunrsasign.jar;C:\Users\tomas\.jdks\corretto-1.8.0_362\jre\lib\jsse.jar;C:\Users\tomas\.jdks\corretto-1.8.0_362\jre\lib\jce.jar;C:\Users\tomas\.jdks\corretto-1.8.0_362\jre\lib\charsets.jar;C:\Users\tomas\.jdks\corretto-1.8.0_362\jre\lib\jfr.jar;C:\Users\tomas\.jdks\corretto-1.8.0_362\jre\classes"/>
    <property name="java.vendor" value="Amazon.com Inc."/>
    <property name="java.specification.maintenance.version" value="4"/>
    <property name="maven.home" value="D:\JetBrains\IntelliJ IDEA 2022.3.2\plugins\maven\lib\maven3"/>
    <property name="file.separator" value="\"/>
    <property name="java.vendor.url.bug" value="https://github.com/corretto/corretto-8/issues/"/>
    <property name="sun.cpu.endian" value="little"/>
    <property name="sun.io.unicode.encoding" value="UnicodeLittle"/>
    <property name="sun.desktop" value="windows"/>
    <property name="sun.cpu.isalist" value="amd64"/>
  </properties>
  <testcase name="test70" classname="Model.SmartHouses_ESTest" time="0.003"/>
  <testcase name="test71" classname="Model.SmartHouses_ESTest" time="0.001"/>
  <testcase name="test72" classname="Model.SmartHouses_ESTest" time="0.002"/>
  <testcase name="test73" classname="Model.SmartHouses_ESTest" time="0.001"/>
  <testcase name="test30" classname="Model.SmartHouses_ESTest" time="0.002"/>
  <testcase name="test74" classname="Model.SmartHouses_ESTest" time="0.003"/>
  <testcase name="test31" classname="Model.SmartHouses_ESTest" time="0.006"/>
  <testcase name="test75" classname="Model.SmartHouses_ESTest" time="0.002"/>
  <testcase name="test32" classname="Model.SmartHouses_ESTest" time="0.003"/>
  <testcase name="test76" classname="Model.SmartHouses_ESTest" time="0.003"/>
  <testcase name="test33" classname="Model.SmartHouses_ESTest" time="0.01"/>
  <testcase name="test77" classname="Model.SmartHouses_ESTest" time="0.006"/>
  <testcase name="test34" classname="Model.SmartHouses_ESTest" time="0.001"/>
  <testcase name="test78" classname="Model.SmartHouses_ESTest" time="0.002"/>
  <testcase name="test35" classname="Model.SmartHouses_ESTest" time="0.002"/>
  <testcase name="test79" classname="Model.SmartHouses_ESTest" time="0.007"/>
  <testcase name="test36" classname="Model.SmartHouses_ESTest" time="0.001"/>
  <testcase name="test37" classname="Model.SmartHouses_ESTest" time="0.001"/>
  <testcase name="test38" classname="Model.SmartHouses_ESTest" time="0.001"/>
  <testcase name="test39" classname="Model.SmartHouses_ESTest" time="0.004"/>
  <testcase name="test60" classname="Model.SmartHouses_ESTest" time="0.003"/>
  <testcase name="test61" classname="Model.SmartHouses_ESTest" time="0.002"/>
  <testcase name="test62" classname="Model.SmartHouses_ESTest" time="0.002"/>
  <testcase name="test63" classname="Model.SmartHouses_ESTest" time="0.002"/>
  <testcase name="test20" classname="Model.SmartHouses_ESTest" time="0.001"/>
  <testcase name="test64" classname="Model.SmartHouses_ESTest" time="0.001"/>
  <testcase name="test21" classname="Model.SmartHouses_ESTest" time="0.002"/>
  <testcase name="test65" classname="Model.SmartHouses_ESTest" time="0.001"/>
  <testcase name="test22" classname="Model.SmartHouses_ESTest" time="0.002"/>
  <testcase name="test66" classname="Model.SmartHouses_ESTest" time="0.001"/>
  <testcase name="test23" classname="Model.SmartHouses_ESTest" time="0.002"/>
  <testcase name="test67" classname="Model.SmartHouses_ESTest" time="0.001"/>
  <testcase name="test24" classname="Model.SmartHouses_ESTest" time="0.002"/>
  <testcase name="test68" classname="Model.SmartHouses_ESTest" time="0.002"/>
  <testcase name="test25" classname="Model.SmartHouses_ESTest" time="0.001"/>
  <testcase name="test69" classname="Model.SmartHouses_ESTest" time="0.002"/>
  <testcase name="test26" classname="Model.SmartHouses_ESTest" time="0.001"/>
  <testcase name="test27" classname="Model.SmartHouses_ESTest" time="0.002"/>
  <testcase name="test28" classname="Model.SmartHouses_ESTest" time="0.001"/>
  <testcase name="test29" classname="Model.SmartHouses_ESTest" time="0.001"/>
  <testcase name="test90" classname="Model.SmartHouses_ESTest" time="0.002"/>
  <testcase name="test50" classname="Model.SmartHouses_ESTest" time="0.002"/>
  <testcase name="test51" classname="Model.SmartHouses_ESTest" time="0.001"/>
  <testcase name="test52" classname="Model.SmartHouses_ESTest" time="0.002"/>
  <testcase name="test53" classname="Model.SmartHouses_ESTest" time="0.001"/>
  <testcase name="test10" classname="Model.SmartHouses_ESTest" time="0.002"/>
  <testcase name="test54" classname="Model.SmartHouses_ESTest" time="0.002"/>
  <testcase name="test11" classname="Model.SmartHouses_ESTest" time="0.001"/>
  <testcase name="test55" classname="Model.SmartHouses_ESTest" time="0.001"/>
  <testcase name="test12" classname="Model.SmartHouses_ESTest" time="0.004"/>
  <testcase name="test56" classname="Model.SmartHouses_ESTest" time="0.002"/>
  <testcase name="test13" classname="Model.SmartHouses_ESTest" time="0.001"/>
  <testcase name="test57" classname="Model.SmartHouses_ESTest" time="0.002"/>
  <testcase name="test14" classname="Model.SmartHouses_ESTest" time="0.005"/>
  <testcase name="test58" classname="Model.SmartHouses_ESTest" time="0.002"/>
  <testcase name="test15" classname="Model.SmartHouses_ESTest" time="0.001"/>
  <testcase name="test59" classname="Model.SmartHouses_ESTest" time="0.001"/>
  <testcase name="test16" classname="Model.SmartHouses_ESTest" time="0.002"/>
  <testcase name="test17" classname="Model.SmartHouses_ESTest" time="0.002"/>
  <testcase name="test18" classname="Model.SmartHouses_ESTest" time="0.002"/>
  <testcase name="test19" classname="Model.SmartHouses_ESTest" time="0.001"/>
  <testcase name="test80" classname="Model.SmartHouses_ESTest" time="0.002"/>
  <testcase name="test81" classname="Model.SmartHouses_ESTest" time="0.002"/>
  <testcase name="test82" classname="Model.SmartHouses_ESTest" time="0.001"/>
  <testcase name="test83" classname="Model.SmartHouses_ESTest" time="0.015"/>
  <testcase name="test40" classname="Model.SmartHouses_ESTest" time="0.004"/>
  <testcase name="test84" classname="Model.SmartHouses_ESTest" time="0.004"/>
  <testcase name="test41" classname="Model.SmartHouses_ESTest" time="0.005"/>
  <testcase name="test85" classname="Model.SmartHouses_ESTest" time="0.005"/>
  <testcase name="test42" classname="Model.SmartHouses_ESTest" time="0.004"/>
  <testcase name="test86" classname="Model.SmartHouses_ESTest" time="0.005"/>
  <testcase name="test43" classname="Model.SmartHouses_ESTest" time="0.006"/>
  <testcase name="test87" classname="Model.SmartHouses_ESTest" time="0.005"/>
  <testcase name="test00" classname="Model.SmartHouses_ESTest" time="0.005"/>
  <testcase name="test44" classname="Model.SmartHouses_ESTest" time="0.005"/>
  <testcase name="test88" classname="Model.SmartHouses_ESTest" time="0.004"/>
  <testcase name="test01" classname="Model.SmartHouses_ESTest" time="0.008"/>
  <testcase name="test45" classname="Model.SmartHouses_ESTest" time="0.004"/>
  <testcase name="test89" classname="Model.SmartHouses_ESTest" time="0.005"/>
  <testcase name="test02" classname="Model.SmartHouses_ESTest" time="0.005"/>
  <testcase name="test46" classname="Model.SmartHouses_ESTest" time="0.003"/>
  <testcase name="test03" classname="Model.SmartHouses_ESTest" time="0.005"/>
  <testcase name="test47" classname="Model.SmartHouses_ESTest" time="0.004"/>
  <testcase name="test04" classname="Model.SmartHouses_ESTest" time="0.004"/>
  <testcase name="test48" classname="Model.SmartHouses_ESTest" time="0.005"/>
  <testcase name="test05" classname="Model.SmartHouses_ESTest" time="0.005"/>
  <testcase name="test49" classname="Model.SmartHouses_ESTest" time="0.004"/>
  <testcase name="test06" classname="Model.SmartHouses_ESTest" time="0.004"/>
  <testcase name="test07" classname="Model.SmartHouses_ESTest" time="0.004"/>
  <testcase name="test08" classname="Model.SmartHouses_ESTest" time="0.005"/>
  <testcase name="test09" classname="Model.SmartHouses_ESTest" time="0.005"/>
</testsuite>